\BOOKMARK [1][-]{section*.2}{\376\377\000A\000g\000r\000a\000d\000e\000c\000i\000m\000i\000e\000n\000t\000o\000s}{}% 1
\BOOKMARK [1][-]{section*.4}{\376\377\000\315\000n\000d\000i\000c\000e\000\040\000d\000e\000\040\000F\000i\000g\000u\000r\000a\000s}{}% 2
\BOOKMARK [1][-]{section*.5}{\376\377\000\315\000n\000d\000i\000c\000e\000\040\000d\000e\000\040\000T\000a\000b\000l\000a\000s}{}% 3
\BOOKMARK [1][-]{section*.6}{\376\377\000R\000e\000s\000u\000m\000e\000n}{}% 4
\BOOKMARK [0][-]{part.1}{\376\377\000I\000\040\000P\000a\000r\000t\000e\000\040\000m\000a\000t\000e\000m\000\341\000t\000i\000c\000a\000:\000\040\000a\000n\000\341\000l\000i\000s\000i\000s\000\040\000d\000e\000l\000\040\000g\000r\000a\000d\000i\000e\000n\000t\000e\000\040\000d\000e\000s\000c\000e\000n\000d\000e\000n\000t\000e\000,\000\040\000s\000u\000\040\000c\000o\000n\000v\000e\000r\000g\000e\000n\000c\000i\000a\000\040\000y\000\040\000b\000a\000c\000k\000p\000r\000o\000p\000a\000g\000a\000t\000i\000o\000n}{}% 5
\BOOKMARK [1][-]{section.1}{\376\377\000I\000n\000t\000r\000o\000d\000u\000c\000c\000i\000\363\000n}{part.1}% 6
\BOOKMARK [2][-]{subsection.1.1}{\376\377\000M\000o\000t\000i\000v\000a\000c\000i\000\363\000n}{section.1}% 7
\BOOKMARK [2][-]{subsection.1.2}{\376\377\000O\000b\000j\000e\000t\000i\000v\000o\000s}{section.1}% 8
\BOOKMARK [1][-]{section.2}{\376\377\000F\000u\000n\000d\000a\000m\000e\000n\000t\000o\000s\000\040\000p\000r\000e\000v\000i\000o\000s}{part.1}% 9
\BOOKMARK [2][-]{subsection.2.1}{\376\377\000C\000\341\000l\000c\000u\000l\000o\000\040\000d\000i\000f\000e\000r\000e\000n\000c\000i\000a\000l}{section.2}% 10
\BOOKMARK [2][-]{subsection.2.2}{\376\377\000A\000l\000g\000u\000n\000o\000s\000\040\000c\000o\000n\000c\000e\000p\000t\000o\000s\000\040\000s\000o\000b\000r\000e\000\040\000\341\000l\000g\000e\000b\000r\000a\000\040\000l\000i\000n\000e\000a\000l}{section.2}% 11
\BOOKMARK [2][-]{subsection.2.3}{\376\377\000A\000l\000g\000u\000n\000o\000s\000\040\000c\000o\000n\000c\000e\000p\000t\000o\000s\000\040\000s\000o\000b\000r\000e\000\040\000p\000r\000o\000b\000a\000b\000i\000l\000i\000d\000a\000d}{section.2}% 12
\BOOKMARK [1][-]{section.3}{\376\377\000G\000r\000a\000d\000i\000e\000n\000t\000e\000\040\000D\000e\000s\000c\000e\000n\000d\000e\000n\000t\000e}{part.1}% 13
\BOOKMARK [2][-]{subsection.3.1}{\376\377\000G\000r\000a\000d\000i\000e\000n\000t\000e\000\040\000d\000e\000s\000c\000e\000n\000d\000e\000n\000t\000e\000\040\000d\000e\000\040\000C\000a\000u\000c\000h\000y}{section.3}% 14
\BOOKMARK [2][-]{subsection.3.2}{\376\377\000G\000r\000a\000d\000i\000e\000n\000t\000e\000\040\000d\000e\000s\000c\000e\000n\000d\000e\000n\000t\000e\000\040\000e\000n\000\040\000e\000l\000\040\000e\000n\000t\000r\000e\000n\000a\000m\000i\000e\000n\000t\000o\000\040\000d\000e\000\040\000m\000o\000d\000e\000l\000o\000s}{section.3}% 15
\BOOKMARK [3][-]{subsubsection.3.2.1}{\376\377\000E\000s\000t\000r\000a\000t\000e\000g\000i\000a\000s\000\040\000d\000e\000\040\000g\000r\000a\000d\000i\000e\000n\000t\000e\000\040\000d\000e\000s\000c\000e\000n\000d\000e\000n\000t\000e}{subsection.3.2}% 16
\BOOKMARK [3][-]{subsubsection.3.2.2}{\376\377\000L\000e\000a\000r\000n\000i\000n\000g\000\040\000r\000a\000t\000e}{subsection.3.2}% 17
\BOOKMARK [2][-]{subsection.3.3}{\376\377\000S\000u\000b\000g\000r\000a\000d\000i\000e\000n\000t\000e\000s}{section.3}% 18
\BOOKMARK [2][-]{subsection.3.4}{\376\377\000C\000o\000n\000v\000e\000r\000g\000e\000n\000c\000i\000a}{section.3}% 19
\BOOKMARK [3][-]{subsubsection.3.4.1}{\376\377\000C\000o\000n\000v\000e\000r\000g\000e\000n\000c\000i\000a\000\040\000p\000a\000r\000a\000\040\000B\000a\000t\000c\000h\000\040\000G\000r\000a\000d\000i\000e\000n\000t\000\040\000D\000e\000s\000c\000e\000n\000t}{subsection.3.4}% 20
\BOOKMARK [3][-]{subsubsection.3.4.2}{\376\377\000C\000o\000n\000v\000e\000r\000g\000e\000n\000c\000i\000a\000\040\000p\000a\000r\000a\000\040\000v\000e\000r\000s\000i\000o\000n\000e\000s\000\040\000e\000s\000t\000o\000c\000\341\000s\000t\000i\000c\000a\000s}{subsection.3.4}% 21
\BOOKMARK [3][-]{subsubsection.3.4.3}{\376\377\000P\000r\000o\000b\000l\000e\000m\000a\000s\000\040\000e\000n\000\040\000l\000a\000\040\000c\000o\000n\000v\000e\000r\000g\000e\000n\000c\000i\000a}{subsection.3.4}% 22
\BOOKMARK [1][-]{section.4}{\376\377\000B\000a\000c\000k\000p\000r\000o\000p\000a\000g\000a\000t\000i\000o\000n}{part.1}% 23
\BOOKMARK [2][-]{subsection.4.1}{\376\377\000D\000i\000f\000e\000r\000e\000n\000c\000i\000a\000c\000i\000\363\000n\000\040\000a\000u\000t\000o\000m\000\341\000t\000i\000c\000a}{section.4}% 24
\BOOKMARK [2][-]{subsection.4.2}{\376\377\000D\000i\000f\000e\000r\000e\000n\000c\000i\000a\000c\000i\000\363\000n\000\040\000h\000a\000c\000i\000a\000\040\000d\000e\000l\000a\000n\000t\000e\000\040\000v\000s\000\040\000h\000a\000c\000i\000a\000\040\000a\000t\000r\000\341\000s}{section.4}% 25
\BOOKMARK [2][-]{subsection.4.3}{\376\377\000B\000a\000c\000k\000p\000r\000o\000p\000a\000g\000a\000t\000i\000o\000n\000\040\000e\000n\000\040\000p\000e\000r\000c\000e\000p\000t\000r\000o\000n\000e\000s\000\040\000m\000u\000l\000t\000i\000c\000a\000p\000a}{section.4}% 26
\BOOKMARK [3][-]{subsubsection.4.3.1}{\376\377\000C\000a\000p\000a\000\040\000n\000o\000-\000l\000i\000n\000e\000a\000l}{subsection.4.3}% 27
\BOOKMARK [3][-]{subsubsection.4.3.2}{\376\377\000C\000a\000p\000a\000\040\000d\000e\000\040\000e\000n\000t\000r\000o\000p\000\355\000a\000\040\000c\000r\000u\000z\000a\000d\000a}{subsection.4.3}% 28
\BOOKMARK [3][-]{subsubsection.4.3.3}{\376\377\000C\000a\000p\000a\000\040\000l\000i\000n\000e\000a\000l}{subsection.4.3}% 29
\BOOKMARK [3][-]{subsubsection.4.3.4}{\376\377\000G\000r\000a\000f\000o\000s\000\040\000c\000o\000m\000p\000u\000t\000a\000c\000i\000o\000n\000a\000l\000e\000s}{subsection.4.3}% 30
\BOOKMARK [2][-]{subsection.4.4}{\376\377\000P\000r\000o\000b\000l\000e\000m\000a\000s\000\040\000c\000o\000n\000\040\000e\000l\000\040\000c\000\341\000l\000c\000u\000l\000o\000\040\000d\000e\000l\000\040\000g\000r\000a\000d\000i\000e\000n\000t\000e}{section.4}% 31
\BOOKMARK [3][-]{subsubsection.4.4.1}{\376\377\000D\000e\000s\000v\000a\000n\000e\000c\000i\000m\000i\000e\000n\000t\000o\000\040\000y\000\040\000e\000x\000p\000l\000o\000s\000i\000\363\000n\000\040\000d\000e\000l\000\040\000g\000r\000a\000d\000i\000e\000n\000t\000e}{subsection.4.4}% 32
\BOOKMARK [3][-]{subsubsection.4.4.2}{\376\377\000I\000n\000i\000c\000i\000a\000l\000i\000z\000a\000c\000i\000\363\000n\000\040\000d\000e\000\040\000l\000o\000s\000\040\000p\000e\000s\000o\000s}{subsection.4.4}% 33
\BOOKMARK [1][-]{section.5}{\376\377\000C\000o\000n\000c\000l\000u\000s\000i\000o\000n\000e\000s\000\040\000y\000\040\000t\000r\000a\000b\000a\000j\000o\000s\000\040\000f\000u\000t\000u\000r\000o\000s}{part.1}% 34
\BOOKMARK [0][-]{part.2}{\376\377\000I\000I\000\040\000P\000a\000r\000t\000e\000\040\000i\000n\000f\000o\000r\000m\000\341\000t\000i\000c\000a\000:\000\040\000E\000s\000t\000u\000d\000i\000o\000\040\000e\000m\000p\000\355\000r\000i\000c\000o\000\040\000c\000o\000m\000p\000a\000r\000a\000t\000i\000v\000o\000\040\000e\000n\000t\000r\000e\000\040\000g\000r\000a\000d\000i\000e\000n\000t\000e\000\040\000d\000e\000s\000c\000e\000n\000d\000i\000e\000n\000t\000e\000\040\000y\000\040\000m\000e\000t\000a\000h\000e\000u\000r\000\355\000s\000t\000i\000c\000a\000s\000\040\000p\000a\000r\000a\000\040\000e\000l\000\040\000e\000n\000t\000r\000e\000n\000a\000m\000i\000e\000n\000t\000o\000\040\000d\000e\000\040\000r\000e\000d\000e\000s\000\040\000n\000e\000u\000r\000o\000n\000a\000l\000e\000s\000\040\000p\000r\000o\000f\000u\000n\000d\000a\000s}{}% 35
\BOOKMARK [1][-]{section.6}{\376\377\000I\000n\000t\000r\000o\000d\000u\000c\000c\000i\000\363\000n}{part.2}% 36
\BOOKMARK [2][-]{subsection.6.1}{\376\377\000M\000o\000t\000i\000v\000a\000c\000i\000\363\000n}{section.6}% 37
\BOOKMARK [2][-]{subsection.6.2}{\376\377\000O\000b\000j\000e\000t\000i\000v\000o\000s}{section.6}% 38
\BOOKMARK [2][-]{subsection.6.3}{\376\377\000P\000l\000a\000n\000i\000f\000i\000c\000a\000c\000i\000\363\000n}{section.6}% 39
\BOOKMARK [1][-]{section.7}{\376\377\000F\000u\000n\000d\000a\000m\000e\000n\000t\000o\000s\000\040\000t\000e\000\363\000r\000i\000c\000o\000s}{part.2}% 40
\BOOKMARK [2][-]{subsection.7.1}{\376\377\000R\000e\000d\000e\000s\000\040\000n\000e\000u\000r\000o\000n\000a\000l\000e\000s\000\040\000y\000\040\000a\000p\000r\000e\000n\000d\000i\000z\000a\000j\000e\000\040\000p\000r\000o\000f\000u\000n\000d\000o}{section.7}% 41
\BOOKMARK [3][-]{subsubsection.7.1.1}{\376\377\000R\000e\000d\000\040\000n\000e\000u\000r\000o\000n\000a\000l}{subsection.7.1}% 42
\BOOKMARK [3][-]{subsubsection.7.1.2}{\376\377\000A\000p\000r\000e\000n\000d\000i\000z\000a\000j\000e\000\040\000p\000r\000o\000f\000u\000n\000d\000o\000\040\000y\000\040\000r\000e\000d\000e\000s\000\040\000n\000e\000u\000r\000o\000n\000a\000l\000e\000s\000\040\000p\000r\000o\000f\000u\000n\000d\000a\000s}{subsection.7.1}% 43
\BOOKMARK [3][-]{subsubsection.7.1.3}{\376\377\000P\000e\000r\000c\000e\000p\000t\000r\000o\000n\000e\000s\000\040\000M\000u\000l\000t\000i\000c\000a\000p\000a}{subsection.7.1}% 44
\BOOKMARK [2][-]{subsection.7.2}{\376\377\000R\000e\000d\000e\000s\000\040\000c\000o\000n\000v\000o\000l\000u\000c\000i\000o\000n\000a\000l\000e\000s}{section.7}% 45
\BOOKMARK [3][-]{subsubsection.7.2.1}{\376\377\000O\000p\000e\000r\000a\000c\000i\000\363\000n\000\040\000d\000e\000\040\000c\000o\000n\000v\000o\000l\000u\000c\000i\000\363\000n}{subsection.7.2}% 46
\BOOKMARK [3][-]{subsubsection.7.2.2}{\376\377\000C\000a\000p\000a\000\040\000C\000o\000n\000v\000o\000l\000u\000c\000i\000o\000n\000a\000l}{subsection.7.2}% 47
\BOOKMARK [3][-]{subsubsection.7.2.3}{\376\377\000C\000a\000p\000a\000\040\000P\000o\000o\000l\000i\000n\000g}{subsection.7.2}% 48
\BOOKMARK [3][-]{subsubsection.7.2.4}{\376\377\000C\000a\000p\000a\000\040\000B\000a\000t\000c\000h\000\040\000N\000o\000r\000m\000a\000l\000i\000z\000a\000t\000i\000o\000n}{subsection.7.2}% 49
\BOOKMARK [3][-]{subsubsection.7.2.5}{\376\377\000C\000a\000p\000a\000\040\000t\000o\000t\000a\000l\000m\000e\000n\000t\000e\000\040\000c\000o\000n\000e\000c\000t\000a\000d\000a}{subsection.7.2}% 50
\BOOKMARK [2][-]{subsection.7.3}{\376\377\000R\000e\000s\000i\000d\000u\000a\000l\000\040\000N\000e\000t\000w\000o\000r\000k\000s}{section.7}% 51
\BOOKMARK [3][-]{subsubsection.7.3.1}{\376\377\000B\000l\000o\000q\000u\000e\000s\000\040\000r\000e\000s\000i\000d\000u\000a\000l\000e\000s}{subsection.7.3}% 52
\BOOKMARK [3][-]{subsubsection.7.3.2}{\376\377\000C\000o\000n\000v\000o\000l\000u\000c\000i\000o\000n\000e\000s\000\040\0001\000x\0001}{subsection.7.3}% 53
\BOOKMARK [2][-]{subsection.7.4}{\376\377\000O\000p\000t\000i\000m\000i\000z\000a\000d\000o\000r\000e\000s\000\040\000b\000a\000s\000a\000d\000o\000s\000\040\000e\000n\000\040\000g\000r\000a\000d\000i\000e\000n\000t\000e\000\040\000d\000e\000s\000c\000e\000n\000d\000e\000n\000t\000e}{section.7}% 54
\BOOKMARK [3][-]{subsubsection.7.4.1}{\376\377\000N\000A\000G}{subsection.7.4}% 55
\BOOKMARK [3][-]{subsubsection.7.4.2}{\376\377\000R\000M\000S\000P\000r\000o\000p}{subsection.7.4}% 56
\BOOKMARK [3][-]{subsubsection.7.4.3}{\376\377\000A\000d\000a\000m}{subsection.7.4}% 57
\BOOKMARK [3][-]{subsubsection.7.4.4}{\376\377\000A\000d\000a\000m\000W}{subsection.7.4}% 58
\BOOKMARK [3][-]{subsubsection.7.4.5}{\376\377\000L\000-\000B\000F\000G\000S\000-\000B}{subsection.7.4}% 59
\BOOKMARK [2][-]{subsection.7.5}{\376\377\000M\000e\000t\000a\000h\000e\000u\000r\000\355\000s\000t\000i\000c\000a\000s}{section.7}% 60
\BOOKMARK [3][-]{subsubsection.7.5.1}{\376\377\000M\000e\000t\000a\000h\000e\000u\000r\000\355\000s\000t\000i\000c\000a\000s\000\040\000b\000a\000s\000a\000d\000a\000s\000\040\000e\000n\000\040\000p\000o\000b\000l\000a\000c\000i\000o\000n\000e\000s}{subsection.7.5}% 61
\BOOKMARK [3][-]{subsubsection.7.5.2}{\376\377\000D\000i\000f\000f\000e\000r\000e\000n\000t\000i\000a\000l\000\040\000E\000v\000o\000l\000u\000t\000i\000o\000n}{subsection.7.5}% 62
\BOOKMARK [3][-]{subsubsection.7.5.3}{\376\377\000S\000H\000A\000D\000E}{subsection.7.5}% 63
\BOOKMARK [3][-]{subsubsection.7.5.4}{\376\377\000A\000l\000g\000o\000r\000i\000t\000m\000o\000s\000\040\000m\000e\000m\000\351\000t\000i\000c\000o\000s}{subsection.7.5}% 64
\BOOKMARK [3][-]{subsubsection.7.5.5}{\376\377\000S\000H\000A\000D\000E\000-\000I\000L\000S}{subsection.7.5}% 65
\BOOKMARK [2][-]{subsection.7.6}{\376\377\000T\000e\000s\000t\000s\000\040\000e\000s\000t\000a\000d\000\355\000s\000t\000i\000c\000o\000s}{section.7}% 66
\BOOKMARK [3][-]{subsubsection.7.6.1}{\376\377\000T\000e\000s\000t\000\040\000d\000e\000\040\000S\000h\000a\000p\000i\000r\000o\000-\000W\000i\000l\000k}{subsection.7.6}% 67
\BOOKMARK [3][-]{subsubsection.7.6.2}{\376\377\000T\000e\000s\000t\000\040\000d\000e\000\040\000l\000o\000s\000\040\000r\000a\000n\000g\000o\000s\000\040\000c\000o\000n\000\040\000s\000i\000g\000n\000o\000\040\000d\000e\000\040\000W\000i\000l\000c\000o\000x\000o\000n}{subsection.7.6}% 68
\BOOKMARK [1][-]{section.8}{\376\377\000E\000s\000t\000a\000d\000o\000\040\000d\000e\000l\000\040\000a\000r\000t\000e}{part.2}% 69
\BOOKMARK [2][-]{subsection.8.1}{\376\377\000G\000r\000a\000d\000i\000e\000n\000t\000e\000\040\000d\000e\000s\000c\000e\000n\000d\000e\000n\000t\000e\000\040\000y\000\040\000o\000p\000t\000i\000m\000i\000z\000a\000d\000o\000r\000e\000s}{section.8}% 70
\BOOKMARK [2][-]{subsection.8.2}{\376\377\000M\000e\000t\000a\000h\000e\000u\000r\000\355\000s\000t\000i\000c\000a\000s\000\040\000e\000n\000\040\000e\000l\000\040\000e\000n\000t\000r\000e\000n\000a\000m\000i\000e\000n\000t\000o\000\040\000d\000e\000\040\000m\000o\000d\000e\000l\000o\000s}{section.8}% 71
\BOOKMARK [2][-]{subsection.8.3}{\376\377\000N\000e\000u\000r\000o\000e\000v\000o\000l\000u\000c\000i\000\363\000n}{section.8}% 72
\BOOKMARK [2][-]{subsection.8.4}{\376\377\000A\000p\000r\000e\000n\000d\000i\000z\000a\000j\000e\000\040\000A\000u\000t\000o\000m\000\341\000t\000i\000c\000o\000\040\000A\000u\000t\000o\000m\000a\000t\000i\000z\000a\000d\000o}{section.8}% 73
\BOOKMARK [2][-]{subsection.8.5}{\376\377\000B\000\372\000s\000q\000u\000e\000d\000a\000\040\000d\000e\000\040\000A\000r\000q\000u\000i\000t\000e\000c\000t\000u\000r\000a\000\040\000N\000e\000u\000r\000o\000n\000a\000l}{section.8}% 74
\BOOKMARK [1][-]{section.9}{\376\377\000M\000\351\000t\000o\000d\000o\000s\000\040\000p\000r\000o\000p\000u\000e\000s\000t\000o\000s}{part.2}% 75
\BOOKMARK [2][-]{subsection.9.1}{\376\377\000S\000H\000A\000D\000E\000-\000G\000D}{section.9}% 76
\BOOKMARK [2][-]{subsection.9.2}{\376\377\000S\000H\000A\000D\000E\000-\000I\000L\000S\000-\000G\000D}{section.9}% 77
\BOOKMARK [1][-]{section.10}{\376\377\000E\000x\000p\000e\000r\000i\000m\000e\000n\000t\000a\000c\000i\000\363\000n\000\040\000y\000\040\000r\000e\000s\000u\000l\000t\000a\000d\000o\000s}{part.2}% 78
\BOOKMARK [2][-]{subsection.10.1}{\376\377\000E\000n\000t\000o\000r\000n\000o\000\040\000d\000e\000\040\000e\000j\000e\000c\000u\000c\000i\000\363\000n\000\040\000y\000\040\000d\000e\000t\000a\000l\000l\000e\000s\000\040\000d\000e\000\040\000i\000m\000p\000l\000e\000m\000e\000n\000t\000a\000c\000i\000\363\000n}{section.10}% 79
\BOOKMARK [3][-]{subsubsection.10.1.1}{\376\377\000G\000r\000a\000d\000i\000e\000n\000t\000e\000\040\000d\000e\000s\000c\000e\000n\000d\000e\000n\000t\000e}{subsection.10.1}% 80
\BOOKMARK [3][-]{subsubsection.10.1.2}{\376\377\000M\000e\000t\000a\000h\000e\000u\000r\000\355\000s\000t\000i\000c\000a\000s}{subsection.10.1}% 81
\BOOKMARK [3][-]{subsubsection.10.1.3}{\376\377\000E\000n\000t\000r\000e\000n\000a\000m\000i\000e\000n\000t\000o}{subsection.10.1}% 82
\BOOKMARK [3][-]{subsubsection.10.1.4}{\376\377\000M\000\351\000t\000r\000i\000c\000a\000s\000\040\000d\000e\000\040\000e\000v\000a\000l\000u\000a\000c\000i\000\363\000n\000\040\000u\000t\000i\000l\000i\000z\000a\000d\000a\000s}{subsection.10.1}% 83
\BOOKMARK [2][-]{subsection.10.2}{\376\377\000C\000o\000n\000j\000u\000n\000t\000o\000s\000\040\000d\000e\000\040\000d\000a\000t\000o\000s}{section.10}% 84
\BOOKMARK [3][-]{subsubsection.10.2.1}{\376\377\000T\000a\000b\000u\000l\000a\000r\000e\000s}{subsection.10.2}% 85
\BOOKMARK [3][-]{subsubsection.10.2.2}{\376\377\000I\000m\000\341\000g\000e\000n\000e\000s}{subsection.10.2}% 86
\BOOKMARK [2][-]{subsection.10.3}{\376\377\000M\000o\000d\000e\000l\000o\000s}{section.10}% 87
\BOOKMARK [2][-]{subsection.10.4}{\376\377\000E\000x\000p\000e\000r\000i\000m\000e\000n\000t\000o\000s}{section.10}% 88
\BOOKMARK [3][-]{subsubsection.10.4.1}{\376\377\000E\000x\000p\000e\000r\000i\000m\000e\000n\000t\000o\000\040\0001\000:\000\040\000A\000n\000\341\000l\000i\000s\000i\000s\000\040\000d\000e\000\040\000d\000i\000f\000e\000r\000e\000n\000c\000i\000a\000s\000\040\000e\000n\000\040\000e\000l\000\040\000r\000e\000n\000d\000i\000m\000i\000e\000n\000t\000o\000\040\000d\000e\000\040\000M\000L\000P\000s\000\040\000e\000n\000t\000r\000e\000n\000a\000d\000o\000s\000\040\000c\000o\000n\000\040\000M\000H\000\040\000s\000e\000g\000\372\000n\000\040\000e\000l\000\040\000t\000i\000p\000o\000\040\000d\000e\000\040\000t\000a\000r\000e\000a}{subsection.10.4}% 89
\BOOKMARK [3][-]{subsubsection.10.4.2}{\376\377\000E\000x\000p\000e\000r\000i\000m\000e\000n\000t\000o\000\040\0002\000:\000\040\000E\000v\000a\000l\000u\000a\000c\000i\000\363\000n\000\040\000d\000e\000\040\000l\000o\000s\000\040\000f\000a\000c\000t\000o\000r\000e\000s\000\040\000q\000u\000e\000\040\000m\000\341\000s\000\040\000a\000f\000e\000c\000t\000a\000n\000\040\000a\000\040\000l\000a\000\040\000p\000\351\000r\000d\000i\000d\000a\000\040\000d\000e\000\040\000r\000e\000n\000d\000i\000m\000i\000e\000n\000t\000o\000\040\000e\000n\000\040\000t\000a\000r\000e\000a\000s\000\040\000d\000e\000\040\000c\000l\000a\000s\000i\000f\000i\000c\000a\000c\000i\000\363\000n\000,\000\040\000t\000a\000n\000t\000o\000\040\000e\000n\000\040\000M\000L\000P\000s\000\040\000c\000o\000m\000o\000\040\000e\000n\000\040\000C\000o\000n\000v\000N\000e\000t\000s}{subsection.10.4}% 90
\BOOKMARK [3][-]{subsubsection.10.4.3}{\376\377\000E\000x\000p\000e\000r\000i\000m\000e\000n\000t\000o\000\040\0003\000:\000\040\000A\000n\000\341\000l\000i\000s\000i\000s\000\040\000d\000e\000\040\000l\000o\000s\000\040\000t\000i\000e\000m\000p\000o\000s\000\040\000d\000e\000\040\000e\000j\000e\000c\000u\000c\000i\000\363\000n\000\040\000e\000n\000\040\000e\000l\000\040\000e\000n\000t\000r\000e\000n\000a\000m\000i\000e\000n\000t\000o\000\040\000c\000o\000n\000\040\000M\000H\000,\000\040\000t\000a\000n\000t\000o\000\040\000e\000n\000\040\000M\000L\000P\000s\000\040\000c\000o\000m\000o\000\040\000e\000n\000\040\000C\000o\000n\000v\000N\000e\000t\000s}{subsection.10.4}% 91
\BOOKMARK [3][-]{subsubsection.10.4.4}{\376\377\000E\000x\000p\000e\000r\000i\000m\000e\000n\000t\000o\000\040\0004\000:\000\040\000A\000n\000\341\000l\000i\000s\000i\000s\000\040\000c\000o\000m\000p\000a\000r\000a\000t\000i\000v\000o\000\040\000d\000e\000\040\000l\000a\000s\000\040\000p\000r\000o\000p\000u\000e\000s\000t\000a\000s\000\040\000p\000r\000o\000p\000i\000a\000s}{subsection.10.4}% 92
\BOOKMARK [1][-]{section.11}{\376\377\000C\000o\000n\000c\000l\000u\000s\000i\000o\000n\000e\000s\000\040\000y\000\040\000t\000r\000a\000b\000a\000j\000o\000s\000\040\000f\000u\000t\000u\000r\000o\000s}{part.2}% 93
\BOOKMARK [1][-]{Item.57}{\376\377\000B\000i\000b\000l\000i\000o\000g\000r\000a\000f\000\355\000a}{part.2}% 94
